<?xml version="1.0" encoding="UTF-8"?>
<!-- Generated by org.testng.reporters.JUnitReportReporter -->
<testsuite hostname="Britto" failures="0" tests="1" name="Runners.TestRunner" time="0.078" errors="0" timestamp="2025-09-07T16:01:55 CDT" skipped="0">
  <testcase classname="Runners.TestRunner" name="runScenario" time="0.078"/>
</testsuite> <!-- Runners.TestRunner -->
